<?xml version="1.0" encoding="UTF-8"?>
<!-- Generated by org.testng.reporters.JUnitXMLReporter -->
<testsuite ignored="1" hostname="EPINHYDW071F" failures="0" tests="10" name="Run Calculator Test" time="0.081" errors="0" timestamp="2024-03-14T13:42:20 IST">
  <testcase classname="testPackage.CalculatorTest" name="DivideByZero" time="0.001"/>
  <testcase classname="testPackage.CalculatorTest" name="AddTwoNumbers" time="0.006"/>
  <testcase classname="testPackage.CalculatorTest" name="DivideTwoNumbers" time="0.0"/>
  <testcase classname="testPackage.CalculatorTest" name="MultiplyTwoNumbers" time="0.0"/>
  <testcase classname="testPackage.CalculatorTest" name="SubtractTwoNumbers" time="0.0"/>
  <testcase classname="testPackage.CalculatorTest" name="TestDivideNegativeNumbers" time="0.0"/>
  <testcase classname="testPackage.CalculatorTest" name="TestNegativeSquareRoot" time="0.0"/>
  <testcase classname="testPackage.CalculatorTest" name="TestOverflowingInputs" time="0.0"/>
  <testcase classname="testPackage.CalculatorTest" name="testPowerOperation" time="0.001"/>
  <testcase classname="testPackage.CalculatorTest" name="testInvalidInputTrigonometric" time="0.001"/>
  <testcase classname="testPackage.CalculatorTest" name="AddTwoNumbersWithDataProvider" time="0.0">
    <ignored/>
  </testcase> <!-- AddTwoNumbersWithDataProvider -->
</testsuite> <!-- Run Calculator Test -->
